已經開始建置於 2018/3/8 下午 01:07:27。
     1>節點 2 (Build 目標) 上的專案 "C:\VPILab\NTUT_106_1\Advanced Digital Image Process\Homework\HW6_106318025\HW6_106318025\HW6_106318025.vcxproj"。
     1>ClCompile:
         C:\Program Files (x86)\Microsoft Visual Studio 12.0\VC\bin\x86_amd64\CL.exe /c /Zi /nologo /W3 /WX- /sdl /O2 /Oi /GL /D WIN32 /D NDEBUG /D _CONSOLE /D _LIB /D _CRT_SECURE_NO_WARNINGS /D _UNICODE /D UNICODE /Gm- /EHsc /MD /GS /Gy /fp:precise /Zc:wchar_t /Zc:forScope /Fo"x64\Release\\" /Fd"x64\Release\vc120.pdb" /Gd /TP /errorReport:prompt HW6_1_a.cpp HW6_1_b.cpp HW6_1_c.cpp HW6_1_d.cpp HW6_2_a.cpp HW6_2_b.cpp HW6_2_c.cpp
         HW6_1_a.cpp
     1>HW6_1_a.cpp(80): warning C4244: '=' : 將 'double' 轉換為 'unsigned char'，由於類型不同，可能導致資料遺失
     1>HW6_1_a.cpp(90): warning C4244: '=' : 將 'double' 轉換為 'unsigned char'，由於類型不同，可能導致資料遺失
         HW6_1_b.cpp
         HW6_1_c.cpp
         HW6_1_d.cpp
         HW6_2_a.cpp
         HW6_2_b.cpp
         HW6_2_c.cpp
       Link:
         C:\Program Files (x86)\Microsoft Visual Studio 12.0\VC\bin\x86_amd64\link.exe /ERRORREPORT:PROMPT /OUT:"C:\VPILab\NTUT_106_1\Advanced Digital Image Process\Homework\HW6_106318025\x64\Release\HW6_106318025.exe" /INCREMENTAL:NO /NOLOGO opencv_aruco331.lib opencv_bgsegm331.lib opencv_bioinspired331.lib opencv_calib3d331.lib opencv_ccalib331.lib opencv_core331.lib opencv_datasets331.lib opencv_dnn331.lib opencv_dpm331.lib opencv_face331.lib opencv_features2d331.lib opencv_flann331.lib opencv_fuzzy331.lib opencv_highgui331.lib opencv_img_hash331.lib opencv_imgcodecs331.lib opencv_imgproc331.lib opencv_line_descriptor331.lib opencv_ml331.lib opencv_objdetect331.lib opencv_optflow331.lib opencv_phase_unwrapping331.lib opencv_photo331.lib opencv_plot331.lib opencv_reg331.lib opencv_rgbd331.lib opencv_saliency331.lib opencv_shape331.lib opencv_stereo331.lib opencv_stitching331.lib opencv_structured_light331.lib opencv_superres331.lib opencv_surface_matching331.lib opencv_text331.lib opencv_tracking331.lib opencv_video331.lib opencv_videoio331.lib opencv_videostab331.lib opencv_xfeatures2d331.lib opencv_ximgproc331.lib opencv_xobjdetect331.lib opencv_xphoto331.lib kernel32.lib user32.lib gdi32.lib winspool.lib comdlg32.lib advapi32.lib shell32.lib ole32.lib oleaut32.lib uuid.lib odbc32.lib odbccp32.lib /MANIFEST /MANIFESTUAC:"level='asInvoker' uiAccess='false'" /manifest:embed /DEBUG /PDB:"C:\VPILab\NTUT_106_1\Advanced Digital Image Process\Homework\HW6_106318025\x64\Release\HW6_106318025.pdb" /SUBSYSTEM:CONSOLE /OPT:REF /OPT:ICF /LTCG /TLBID:1 /DYNAMICBASE /NXCOMPAT /IMPLIB:"C:\VPILab\NTUT_106_1\Advanced Digital Image Process\Homework\HW6_106318025\x64\Release\HW6_106318025.lib" /MACHINE:X64 x64\Release\HW6_1_a.obj
         x64\Release\HW6_1_b.obj
         x64\Release\HW6_1_c.obj
         x64\Release\HW6_1_d.obj
         x64\Release\HW6_2_a.obj
         x64\Release\HW6_2_b.obj
         x64\Release\HW6_2_c.obj
     1>HW6_1_b.obj : error LNK2005: main 已在 HW6_1_a.obj 中定義過了
     1>HW6_1_c.obj : error LNK2005: "long time0" (?time0@@3JA) 已在 HW6_1_a.obj 中定義過了
     1>HW6_1_c.obj : error LNK2005: "long time1" (?time1@@3JA) 已在 HW6_1_a.obj 中定義過了
     1>HW6_1_c.obj : error LNK2005: main 已在 HW6_1_a.obj 中定義過了
     1>HW6_1_d.obj : error LNK2005: "class cv::Mat __cdecl IDFT(class cv::Mat &)" (?IDFT@@YA?AVMat@cv@@AEAV12@@Z) 已在 HW6_1_c.obj 中定義過了
     1>HW6_1_d.obj : error LNK2005: "class cv::Mat __cdecl shift(class cv::Mat &)" (?shift@@YA?AVMat@cv@@AEAV12@@Z) 已在 HW6_1_c.obj 中定義過了
     1>HW6_1_d.obj : error LNK2005: main 已在 HW6_1_a.obj 中定義過了
     1>HW6_2_a.obj : error LNK2005: main 已在 HW6_1_a.obj 中定義過了
     1>HW6_2_b.obj : error LNK2005: main 已在 HW6_1_a.obj 中定義過了
     1>HW6_2_b.obj : error LNK2005: "void __cdecl frequency_filtering(class cv::Mat &,int,bool,class cv::Mat &,class cv::Mat &,class cv::Mat &)" (?frequency_filtering@@YAXAEAVMat@cv@@H_N000@Z) 已在 HW6_2_a.obj 中定義過了
     1>HW6_2_b.obj : error LNK2005: "class cv::Mat __cdecl spectrum_magnitude(class cv::Mat &,bool)" (?spectrum_magnitude@@YA?AVMat@cv@@AEAV12@_N@Z) 已在 HW6_2_a.obj 中定義過了
     1>HW6_2_b.obj : error LNK2005: "void __cdecl shift(class cv::Mat &)" (?shift@@YAXAEAVMat@cv@@@Z) 已在 HW6_2_a.obj 中定義過了
     1>HW6_2_c.obj : error LNK2005: main 已在 HW6_1_a.obj 中定義過了
     1>HW6_2_c.obj : error LNK2005: "class cv::Mat __cdecl spectrum_magnitude(class cv::Mat &,bool)" (?spectrum_magnitude@@YA?AVMat@cv@@AEAV12@_N@Z) 已在 HW6_2_a.obj 中定義過了
     1>HW6_2_c.obj : error LNK2005: "void __cdecl shift(class cv::Mat &)" (?shift@@YAXAEAVMat@cv@@@Z) 已在 HW6_2_a.obj 中定義過了
     1>C:\VPILab\NTUT_106_1\Advanced Digital Image Process\Homework\HW6_106318025\x64\Release\HW6_106318025.exe : fatal error LNK1169: 找到有一或多個已定義的符號
     1>專案 "C:\VPILab\NTUT_106_1\Advanced Digital Image Process\Homework\HW6_106318025\HW6_106318025\HW6_106318025.vcxproj" (Build 目標) 建置完成 -- 失敗。

建置失敗。

經過時間 00:00:10.52
